[2020-08-31 21:11:11,303] INFO org.github.dragos.vscode.Main$ - Starting server in /Users/nyashayolanda/Desktop/Brand
[2020-08-31 21:11:11,303] INFO org.github.dragos.vscode.Main$ - Starting server in /Users/nyashayolanda/Desktop/Brand
[2020-08-31 21:11:11,317] INFO org.github.dragos.vscode.Main$ - Classpath: /Users/nyashayolanda/.vscode/extensions/dragos.scala-lsp-0.2.3/coursier
[2020-08-31 21:11:11,317] INFO org.github.dragos.vscode.Main$ - Classpath: /Users/nyashayolanda/.vscode/extensions/dragos.scala-lsp-0.2.3/coursier
[2020-08-31 21:11:11,485] DEBUG langserver.core.MessageReader - Received headers:
Content-Length: 1197
[2020-08-31 21:11:11,485] DEBUG langserver.core.MessageReader - Received headers:
Content-Length: 1197
[2020-08-31 21:11:11,502] DEBUG langserver.core.Connection - Received {"jsonrpc":"2.0","id":0,"method":"initialize","params":{"processId":12874,"rootPath":"/Users/nyashayolanda/Desktop/Brand","rootUri":"file:///Users/nyashayolanda/Desktop/Brand","capabilities":{"workspace":{"applyEdit":true,"didChangeConfiguration":{"dynamicRegistration":false},"didChangeWatchedFiles":{"dynamicRegistration":false},"symbol":{"dynamicRegistration":true},"executeCommand":{"dynamicRegistration":true}},"textDocument":{"synchronization":{"dynamicRegistration":true,"willSave":true,"willSaveWaitUntil":true,"didSave":true},"completion":{"dynamicRegistration":true,"completionItem":{"snippetSupport":true}},"hover":{"dynamicRegistration":true},"signatureHelp":{"dynamicRegistration":true},"references":{"dynamicRegistration":true},"documentHighlight":{"dynamicRegistration":true},"documentSymbol":{"dynamicRegistration":true},"formatting":{"dynamicRegistration":true},"rangeFormatting":{"dynamicRegistration":true},"onTypeFormatting":{"dynamicRegistration":true},"definition":{"dynamicRegistration":true},"codeAction":{"dynamicRegistration":true},"codeLens":{"dynamicRegistration":true},"documentLink":{"dynamicRegistration":true},"rename":{"dynamicRegistration":true}}},"trace":"off"}}
[2020-08-31 21:11:11,502] DEBUG langserver.core.Connection - Received {"jsonrpc":"2.0","id":0,"method":"initialize","params":{"processId":12874,"rootPath":"/Users/nyashayolanda/Desktop/Brand","rootUri":"file:///Users/nyashayolanda/Desktop/Brand","capabilities":{"workspace":{"applyEdit":true,"didChangeConfiguration":{"dynamicRegistration":false},"didChangeWatchedFiles":{"dynamicRegistration":false},"symbol":{"dynamicRegistration":true},"executeCommand":{"dynamicRegistration":true}},"textDocument":{"synchronization":{"dynamicRegistration":true,"willSave":true,"willSaveWaitUntil":true,"didSave":true},"completion":{"dynamicRegistration":true,"completionItem":{"snippetSupport":true}},"hover":{"dynamicRegistration":true},"signatureHelp":{"dynamicRegistration":true},"references":{"dynamicRegistration":true},"documentHighlight":{"dynamicRegistration":true},"documentSymbol":{"dynamicRegistration":true},"formatting":{"dynamicRegistration":true},"rangeFormatting":{"dynamicRegistration":true},"onTypeFormatting":{"dynamicRegistration":true},"definition":{"dynamicRegistration":true},"codeAction":{"dynamicRegistration":true},"codeLens":{"dynamicRegistration":true},"documentLink":{"dynamicRegistration":true},"rename":{"dynamicRegistration":true}}},"trace":"off"}}
[2020-08-31 21:11:12,222] INFO org.github.dragos.vscode.EnsimeLanguageServer - Initialized with 12874, /Users/nyashayolanda/Desktop/Brand, ClientCapabilities()
[2020-08-31 21:11:12,222] INFO org.github.dragos.vscode.EnsimeLanguageServer - Initialized with 12874, /Users/nyashayolanda/Desktop/Brand, ClientCapabilities()
[2020-08-31 21:11:12,224] DEBUG org.github.dragos.vscode.EnsimeLanguageServer - ensime.config = "/Users/nyashayolanda/Desktop/Brand/.ensime" 
[2020-08-31 21:11:12,224] DEBUG org.github.dragos.vscode.EnsimeLanguageServer - ensime.config = "/Users/nyashayolanda/Desktop/Brand/.ensime" 
[2020-08-31 21:11:12,935] INFO akka.event.slf4j.Slf4jLogger - Slf4jLogger started
[2020-08-31 21:11:13,116] ERROR org.github.dragos.vscode.EnsimeLanguageServer - initializeEnsime Error: /Users/nyashayolanda/Desktop/Brand/.ensime
[2020-08-31 21:11:13,116] ERROR org.github.dragos.vscode.EnsimeLanguageServer - initializeEnsime Error: /Users/nyashayolanda/Desktop/Brand/.ensime
[2020-08-31 21:11:13,196] DEBUG langserver.core.MessageWriter - Content-Length: 146



{"jsonrpc":"2.0","method":"window/showMessage","params":{"tpe":1,"message":"No .ensime file in directory. Run `sbt ensimeConfig` to create one."}}
[2020-08-31 21:11:13,196] DEBUG langserver.core.MessageWriter - Content-Length: 146



{"jsonrpc":"2.0","method":"window/showMessage","params":{"tpe":1,"message":"No .ensime file in directory. Run `sbt ensimeConfig` to create one."}}
[2020-08-31 21:11:13,196] DEBUG langserver.core.MessageWriter - payload: {"jsonrpc":"2.0","method":"window/showMessage","params":{"tpe":1,"message":"No .ensime file in directory. Run `sbt ensimeConfig` to create one."}}
[2020-08-31 21:11:13,196] DEBUG langserver.core.MessageWriter - payload: {"jsonrpc":"2.0","method":"window/showMessage","params":{"tpe":1,"message":"No .ensime file in directory. Run `sbt ensimeConfig` to create one."}}
[2020-08-31 21:11:13,307] DEBUG langserver.core.MessageWriter - Content-Length: 441



{"jsonrpc":"2.0","result":{"capabilities":{"textDocumentSync":1,"hoverProvider":true,"completionProvider":{"resolveProvider":false,"triggerCharacters":["."]},"definitionProvider":true,"referencesProvider":false,"documentHighlightProvider":false,"documentSymbolProvider":true,"workspaceSymbolProvider":false,"codeActionProvider":false,"documentFormattingProvider":false,"documentRangeFormattingProvider":false,"renameProvider":false}},"id":0}
[2020-08-31 21:11:13,307] DEBUG langserver.core.MessageWriter - Content-Length: 441



{"jsonrpc":"2.0","result":{"capabilities":{"textDocumentSync":1,"hoverProvider":true,"completionProvider":{"resolveProvider":false,"triggerCharacters":["."]},"definitionProvider":true,"referencesProvider":false,"documentHighlightProvider":false,"documentSymbolProvider":true,"workspaceSymbolProvider":false,"codeActionProvider":false,"documentFormattingProvider":false,"documentRangeFormattingProvider":false,"renameProvider":false}},"id":0}
[2020-08-31 21:11:13,307] DEBUG langserver.core.MessageWriter - payload: {"jsonrpc":"2.0","result":{"capabilities":{"textDocumentSync":1,"hoverProvider":true,"completionProvider":{"resolveProvider":false,"triggerCharacters":["."]},"definitionProvider":true,"referencesProvider":false,"documentHighlightProvider":false,"documentSymbolProvider":true,"workspaceSymbolProvider":false,"codeActionProvider":false,"documentFormattingProvider":false,"documentRangeFormattingProvider":false,"renameProvider":false}},"id":0}
[2020-08-31 21:11:13,307] DEBUG langserver.core.MessageWriter - payload: {"jsonrpc":"2.0","result":{"capabilities":{"textDocumentSync":1,"hoverProvider":true,"completionProvider":{"resolveProvider":false,"triggerCharacters":["."]},"definitionProvider":true,"referencesProvider":false,"documentHighlightProvider":false,"documentSymbolProvider":true,"workspaceSymbolProvider":false,"codeActionProvider":false,"documentFormattingProvider":false,"documentRangeFormattingProvider":false,"renameProvider":false}},"id":0}
[2020-08-31 21:11:13,309] DEBUG langserver.core.MessageReader - Received headers:
Content-Length: 52
[2020-08-31 21:11:13,309] DEBUG langserver.core.MessageReader - Received headers:
Content-Length: 52
[2020-08-31 21:11:13,309] DEBUG langserver.core.Connection - Received {"jsonrpc":"2.0","method":"initialized","params":{}}
[2020-08-31 21:11:13,309] DEBUG langserver.core.Connection - Received {"jsonrpc":"2.0","method":"initialized","params":{}}
[2020-08-31 21:11:13,320] ERROR org.github.dragos.vscode.EnsimeLanguageServer - Unknown notification Initialized()
[2020-08-31 21:11:13,320] ERROR org.github.dragos.vscode.EnsimeLanguageServer - Unknown notification Initialized()
